2024-10-07 23:54:32,806 INFO o.a.j.u.JMeterUtils: Setting Locale to en_US
2024-10-07 23:54:32,841 INFO o.a.j.JMeter: Loading user properties from: user.properties
2024-10-07 23:54:32,842 INFO o.a.j.JMeter: Loading system properties from: system.properties
2024-10-07 23:54:32,843 INFO o.a.j.JMeter: Loading additional properties from: C:\Users\Radhika\Downloads\apache-jmeter-5.6.3\apache-jmeter-5.6.3\bin\system.properties
2024-10-07 23:54:32,854 INFO o.a.j.JMeter: Copyright (c) 1998-2024 The Apache Software Foundation
2024-10-07 23:54:32,854 INFO o.a.j.JMeter: Version 5.6.3
2024-10-07 23:54:32,855 INFO o.a.j.JMeter: java.version=23
2024-10-07 23:54:32,855 INFO o.a.j.JMeter: java.vm.name=Java HotSpot(TM) 64-Bit Server VM
2024-10-07 23:54:32,855 INFO o.a.j.JMeter: os.name=Windows 10
2024-10-07 23:54:32,855 INFO o.a.j.JMeter: os.arch=amd64
2024-10-07 23:54:32,855 INFO o.a.j.JMeter: os.version=10.0
2024-10-07 23:54:32,856 INFO o.a.j.JMeter: file.encoding=UTF-8
2024-10-07 23:54:32,856 INFO o.a.j.JMeter: java.awt.headless=true
2024-10-07 23:54:32,856 INFO o.a.j.JMeter: Max memory     =2113929216
2024-10-07 23:54:32,856 INFO o.a.j.JMeter: Available Processors =4
2024-10-07 23:54:32,873 INFO o.a.j.JMeter: Default Locale=English (United States)
2024-10-07 23:54:32,874 INFO o.a.j.JMeter: JMeter  Locale=English (United States)
2024-10-07 23:54:32,874 INFO o.a.j.JMeter: JMeterHome=C:\Users\Radhika\Downloads\apache-jmeter-5.6.3\apache-jmeter-5.6.3
2024-10-07 23:54:32,874 INFO o.a.j.JMeter: user.dir  =C:\Users\Radhika\Downloads\apache-jmeter-5.6.3\apache-jmeter-5.6.3\bin
2024-10-07 23:54:32,875 INFO o.a.j.JMeter: PWD       =C:\Users\Radhika\Downloads\apache-jmeter-5.6.3\apache-jmeter-5.6.3\bin
2024-10-07 23:54:32,876 INFO o.a.j.JMeter: IP: 192.168.1.6 Name: LAPTOP-8GQD86RQ FullName: LAPTOP-8GQD86RQ
2024-10-07 23:54:32,908 INFO o.a.j.JMeter: Setting property 'jmeter.reportgenerator.outputdir' to:'C:\Users\Radhika\Downloads\apache-jmeter-5.6.3\apache-jmeter-5.6.3\bin\templates\HTML report1\Report2'
2024-10-07 23:54:32,917 INFO o.a.j.r.d.ReportGenerator: ReportGenerator will use for Parsing the separator: ','
2024-10-07 23:54:32,918 INFO o.a.j.r.d.ReportGenerator: Will only generate report from results file: C:\Users\Radhika\Downloads\apache-jmeter-5.6.3\apache-jmeter-5.6.3\bin\templates\Book1.csv
2024-10-07 23:54:32,918 INFO o.a.j.r.d.ReportGenerator: Reading report generator properties from: C:\Users\Radhika\Downloads\apache-jmeter-5.6.3\apache-jmeter-5.6.3\bin\reportgenerator.properties
2024-10-07 23:54:32,921 INFO o.a.j.r.d.ReportGenerator: Merging with JMeter properties
2024-10-07 23:54:32,932 INFO o.a.j.r.c.ReportGeneratorConfiguration: Property 'jmeter.reportgenerator.temp_dir' not found, using default value 'temp' instead.
2024-10-07 23:54:32,938 INFO o.a.j.r.c.ReportGeneratorConfiguration: Property 'jmeter.reportgenerator.apdex_per_transaction' not found, using default value 'null' instead.
2024-10-07 23:54:32,957 INFO o.a.j.r.c.ReportGeneratorConfiguration: apdex_per_transaction is empty, not APDEX per transaction customization
2024-10-07 23:54:32,957 INFO o.a.j.r.c.ReportGeneratorConfiguration: Property 'jmeter.reportgenerator.sample_filter' not found, using default value 'null' instead.
2024-10-07 23:54:32,957 INFO o.a.j.r.c.ReportGeneratorConfiguration: Property 'jmeter.reportgenerator.report_title' not found, using default value 'null' instead.
2024-10-07 23:54:32,957 INFO o.a.j.r.c.ReportGeneratorConfiguration: Property 'jmeter.reportgenerator.start_date' not found, using default value 'null' instead.
2024-10-07 23:54:32,958 INFO o.a.j.r.c.ReportGeneratorConfiguration: Property 'jmeter.reportgenerator.end_date' not found, using default value 'null' instead.
2024-10-07 23:54:32,958 INFO o.a.j.r.c.ReportGeneratorConfiguration: Property 'jmeter.reportgenerator.date_format' not found, using default value 'null' instead.
2024-10-07 23:54:32,969 INFO o.a.j.r.c.ReportGeneratorConfiguration: Will use date range start date: null, end date: null
2024-10-07 23:54:32,977 INFO o.a.j.r.c.ReportGeneratorConfiguration: Property 'jmeter.reportgenerator.graph.totalTPS.exclude_controllers' not found, using default value 'false' instead.
2024-10-07 23:54:32,978 INFO o.a.j.r.c.ReportGeneratorConfiguration: Property 'jmeter.reportgenerator.graph.activeThreadsOverTime.exclude_controllers' not found, using default value 'false' instead.
2024-10-07 23:54:32,978 INFO o.a.j.r.c.ReportGeneratorConfiguration: Property 'jmeter.reportgenerator.graph.timeVsThreads.exclude_controllers' not found, using default value 'false' instead.
2024-10-07 23:54:32,978 INFO o.a.j.r.c.ReportGeneratorConfiguration: Property 'jmeter.reportgenerator.graph.responseTimeDistribution.exclude_controllers' not found, using default value 'false' instead.
2024-10-07 23:54:32,979 INFO o.a.j.r.c.ReportGeneratorConfiguration: Property 'jmeter.reportgenerator.graph.transactionsPerSecond.exclude_controllers' not found, using default value 'false' instead.
2024-10-07 23:54:32,979 INFO o.a.j.r.c.ReportGeneratorConfiguration: Property 'jmeter.reportgenerator.graph.responseTimePercentiles.exclude_controllers' not found, using default value 'false' instead.
2024-10-07 23:54:32,979 INFO o.a.j.r.c.ReportGeneratorConfiguration: Property 'jmeter.reportgenerator.graph.responseTimePercentilesOverTime.exclude_controllers' not found, using default value 'false' instead.
2024-10-07 23:54:32,979 INFO o.a.j.r.c.ReportGeneratorConfiguration: Property 'jmeter.reportgenerator.graph.responseTimesOverTime.exclude_controllers' not found, using default value 'false' instead.
2024-10-07 23:54:32,980 INFO o.a.j.r.c.ReportGeneratorConfiguration: Property 'jmeter.reportgenerator.graph.connectTimeOverTime.exclude_controllers' not found, using default value 'false' instead.
2024-10-07 23:54:32,980 INFO o.a.j.r.c.ReportGeneratorConfiguration: Property 'jmeter.reportgenerator.graph.latenciesOverTime.exclude_controllers' not found, using default value 'false' instead.
2024-10-07 23:54:32,982 INFO o.a.j.r.c.ReportGeneratorConfiguration: Property 'jmeter.reportgenerator.exporter.json.filters_only_sample_series' not found, using default value 'true' instead.
2024-10-07 23:54:32,982 INFO o.a.j.r.c.ReportGeneratorConfiguration: Property 'jmeter.reportgenerator.exporter.json.series_filter' not found, using default value '' instead.
2024-10-07 23:54:32,982 INFO o.a.j.r.c.ReportGeneratorConfiguration: Property 'jmeter.reportgenerator.exporter.json.show_controllers_only' not found, using default value 'false' instead.
2024-10-07 23:54:32,983 INFO o.a.j.r.c.ReportGeneratorConfiguration: Property 'jmeter.reportgenerator.exporter.html.filters_only_sample_series' not found, using default value 'true' instead.
2024-10-07 23:54:32,983 INFO o.a.j.r.c.ReportGeneratorConfiguration: Property 'jmeter.reportgenerator.exporter.html.series_filter' not found, using default value '' instead.
2024-10-07 23:54:32,984 INFO o.a.j.r.c.ReportGeneratorConfiguration: Property 'jmeter.reportgenerator.exporter.html.show_controllers_only' not found, using default value 'false' instead.
2024-10-07 23:54:33,677 INFO o.a.j.s.SaveService: Testplan (JMX) version: 2.2. Testlog (JTL) version: 2.2
2024-10-07 23:54:33,742 INFO o.a.j.s.SaveService: Using SaveService properties version 5.0
2024-10-07 23:54:33,747 INFO o.a.j.s.SaveService: Using SaveService properties file encoding UTF-8
2024-10-07 23:54:33,775 WARN o.a.j.s.CSVSaveService: Unknown column name 
2024-10-07 23:54:33,785 WARN o.a.j.r.c.CsvSampleReader: File 'C:\Users\Radhika\Downloads\apache-jmeter-5.6.3\apache-jmeter-5.6.3\bin\templates\Book1.csv' does not contain the field names header, ensure the jmeter.save.saveservice.* properties are the same as when the CSV file was created or the file may be read incorrectly when generating report
2024-10-07 23:54:33,790 INFO o.a.j.r.p.NormalizerSampleConsumer: Using format, 'ms', to parse timeStamp field
2024-10-07 23:54:33,921 INFO o.a.j.r.p.AbstractSampleConsumer: class org.apache.jmeter.report.processor.AggregateConsumer#stopProducing(): beginDate produced 0 samples
2024-10-07 23:54:33,921 INFO o.a.j.r.p.AbstractSampleConsumer: class org.apache.jmeter.report.processor.AggregateConsumer#stopProducing(): endDate produced 0 samples
2024-10-07 23:54:33,924 INFO o.a.j.r.p.AbstractSampleConsumer: class org.apache.jmeter.report.processor.ApdexSummaryConsumer#stopProducing(): apdexSummary produced 0 samples
2024-10-07 23:54:33,924 INFO o.a.j.r.p.AbstractSampleConsumer: class org.apache.jmeter.report.processor.RequestsSummaryConsumer#stopProducing(): requestsSummary produced 0 samples
2024-10-07 23:54:33,934 INFO o.a.j.r.p.AbstractSampleConsumer: class org.apache.jmeter.report.processor.StatisticsSummaryConsumer#stopProducing(): statisticsSummary produced 0 samples
2024-10-07 23:54:33,936 INFO o.a.j.r.p.AbstractSampleConsumer: class org.apache.jmeter.report.processor.Top5ErrorsBySamplerConsumer#stopProducing(): top5ErrorsBySampler produced 0 samples
2024-10-07 23:54:33,937 INFO o.a.j.r.p.AbstractSampleConsumer: class org.apache.jmeter.report.processor.ErrorsSummaryConsumer#stopProducing(): errorsSummary produced 0 samples
2024-10-07 23:54:33,937 INFO o.a.j.r.p.AbstractSampleConsumer: class org.apache.jmeter.report.processor.graph.impl.HitsPerSecondGraphConsumer#stopProducing(): hitsPerSecond produced 0 samples
2024-10-07 23:54:33,960 INFO o.a.j.r.p.AbstractSampleConsumer: class org.apache.jmeter.report.processor.graph.impl.LatencyVSRequestGraphConsumer#stopProducing(): latencyVsRequest produced 0 samples
2024-10-07 23:54:33,962 INFO o.a.j.r.p.AbstractSampleConsumer: class org.apache.jmeter.report.processor.graph.impl.SyntheticResponseTimeDistributionGraphConsumer#stopProducing(): syntheticResponseTimeDistribution produced 0 samples
2024-10-07 23:54:33,962 INFO o.a.j.r.p.AbstractSampleConsumer: class org.apache.jmeter.report.processor.graph.impl.BytesThroughputGraphConsumer#stopProducing(): bytesThroughputOverTime produced 0 samples
2024-10-07 23:54:33,962 INFO o.a.j.r.p.AbstractSampleConsumer: class org.apache.jmeter.report.processor.graph.impl.CodesPerSecondGraphConsumer#stopProducing(): codesPerSecond produced 0 samples
2024-10-07 23:54:33,967 INFO o.a.j.r.p.AbstractSampleConsumer: class org.apache.jmeter.report.processor.graph.impl.ResponseTimeVSRequestGraphConsumer#stopProducing(): responseTimeVsRequest produced 0 samples
2024-10-07 23:54:33,968 INFO o.a.j.r.p.AbstractSampleConsumer: class org.apache.jmeter.report.processor.FilterConsumer#stopProducing(): startIntervalControlerFilter produced 21 samples
2024-10-07 23:54:33,968 INFO o.a.j.r.p.AbstractSampleConsumer: class org.apache.jmeter.report.processor.graph.impl.TotalTPSGraphConsumer#stopProducing(): totalTPS produced 0 samples
2024-10-07 23:54:33,968 INFO o.a.j.r.p.AbstractSampleConsumer: class org.apache.jmeter.report.processor.graph.impl.ActiveThreadsGraphConsumer#stopProducing(): activeThreadsOverTime produced 0 samples
2024-10-07 23:54:33,969 INFO o.a.j.r.p.AbstractSampleConsumer: class org.apache.jmeter.report.processor.graph.impl.TimeVSThreadGraphConsumer#stopProducing(): timeVsThreads produced 0 samples
2024-10-07 23:54:33,969 INFO o.a.j.r.p.AbstractSampleConsumer: class org.apache.jmeter.report.processor.graph.impl.ResponseTimeDistributionGraphConsumer#stopProducing(): responseTimeDistribution produced 0 samples
2024-10-07 23:54:33,969 INFO o.a.j.r.p.AbstractSampleConsumer: class org.apache.jmeter.report.processor.graph.impl.TransactionsPerSecondGraphConsumer#stopProducing(): transactionsPerSecond produced 0 samples
2024-10-07 23:54:33,969 INFO o.a.j.r.p.AbstractSampleConsumer: class org.apache.jmeter.report.processor.graph.impl.ResponseTimePercentilesGraphConsumer#stopProducing(): responseTimePercentiles produced 0 samples
2024-10-07 23:54:33,971 INFO o.a.j.r.p.AbstractSampleConsumer: class org.apache.jmeter.report.processor.graph.impl.ResponseTimePercentilesOverTimeGraphConsumer#stopProducing(): responseTimePercentilesOverTime produced 0 samples
2024-10-07 23:54:33,971 INFO o.a.j.r.p.AbstractSampleConsumer: class org.apache.jmeter.report.processor.graph.impl.ResponseTimeOverTimeGraphConsumer#stopProducing(): responseTimesOverTime produced 0 samples
2024-10-07 23:54:33,972 INFO o.a.j.r.p.AbstractSampleConsumer: class org.apache.jmeter.report.processor.graph.impl.ConnectTimeOverTimeGraphConsumer#stopProducing(): connectTimeOverTime produced 0 samples
2024-10-07 23:54:33,972 INFO o.a.j.r.p.AbstractSampleConsumer: class org.apache.jmeter.report.processor.graph.impl.LatencyOverTimeGraphConsumer#stopProducing(): latenciesOverTime produced 0 samples
2024-10-07 23:54:33,972 INFO o.a.j.r.p.AbstractSampleConsumer: class org.apache.jmeter.report.processor.FilterConsumer#stopProducing(): nameFilter produced 45 samples
2024-10-07 23:54:33,972 INFO o.a.j.r.p.AbstractSampleConsumer: class org.apache.jmeter.report.processor.FilterConsumer#stopProducing(): dateRangeFilter produced 9 samples
2024-10-07 23:54:33,973 INFO o.a.j.r.p.AbstractSampleConsumer: class org.apache.jmeter.report.processor.NormalizerSampleConsumer#stopProducing(): normalizer produced 3 samples
2024-10-07 23:54:33,974 INFO o.a.j.r.p.CsvFileSampleSource: produce(): 3 samples produced in 141ms on channel 0
2024-10-07 23:54:33,974 INFO o.a.j.r.d.ReportGenerator: Exporting data using exporter:'json' of className:'org.apache.jmeter.report.dashboard.JsonExporter'
2024-10-07 23:54:34,122 INFO o.a.j.r.d.JsonExporter: Found data for consumer statisticsSummary in context
2024-10-07 23:54:34,123 INFO o.a.j.r.d.JsonExporter: Creating statistics for overall
2024-10-07 23:54:34,123 INFO o.a.j.r.d.JsonExporter: Creating statistics for other transactions
2024-10-07 23:54:34,124 INFO o.a.j.r.d.JsonExporter: Checking output folder
2024-10-07 23:54:34,125 INFO o.a.j.r.d.JsonExporter: Writing statistics JSON to C:\Users\Radhika\Downloads\apache-jmeter-5.6.3\apache-jmeter-5.6.3\bin\templates\HTML report1\Report2\statistics.json
2024-10-07 23:54:34,189 INFO o.a.j.r.d.ReportGenerator: Exporting data using exporter:'html' of className:'org.apache.jmeter.report.dashboard.HtmlTemplateExporter'
2024-10-07 23:54:34,193 INFO o.a.j.r.d.HtmlTemplateExporter: Will generate dashboard in folder: C:\Users\Radhika\Downloads\apache-jmeter-5.6.3\apache-jmeter-5.6.3\bin\templates\HTML report1\Report2
2024-10-07 23:54:34,427 INFO o.a.j.r.d.HtmlTemplateExporter: Report will be generated in: C:\Users\Radhika\Downloads\apache-jmeter-5.6.3\apache-jmeter-5.6.3\bin\templates\HTML report1\Report2, creating folder structure
2024-10-07 23:54:34,433 INFO o.a.j.r.d.TemplateVisitor: Copying folder from 'C:\Users\Radhika\Downloads\apache-jmeter-5.6.3\apache-jmeter-5.6.3\bin\report-template' to 'C:\Users\Radhika\Downloads\apache-jmeter-5.6.3\apache-jmeter-5.6.3\bin\templates\HTML report1\Report2', got message: C:\Users\Radhika\Downloads\apache-jmeter-5.6.3\apache-jmeter-5.6.3\bin\templates\HTML report1\Report2, found non empty folder with following content [C:\Users\Radhika\Downloads\apache-jmeter-5.6.3\apache-jmeter-5.6.3\bin\templates\HTML report1\Report2\statistics.json], will be ignored
