2024-10-12 12:13:04,724 INFO o.a.j.u.JMeterUtils: Setting Locale to en_EN
2024-10-12 12:13:04,760 INFO o.a.j.JMeter: Loading user properties from: user.properties
2024-10-12 12:13:04,762 INFO o.a.j.JMeter: Loading system properties from: system.properties
2024-10-12 12:13:04,773 INFO o.a.j.JMeter: Copyright (c) 1998-2024 The Apache Software Foundation
2024-10-12 12:13:04,773 INFO o.a.j.JMeter: Version 5.6.3
2024-10-12 12:13:04,774 INFO o.a.j.JMeter: java.version=23
2024-10-12 12:13:04,774 INFO o.a.j.JMeter: java.vm.name=Java HotSpot(TM) 64-Bit Server VM
2024-10-12 12:13:04,774 INFO o.a.j.JMeter: os.name=Windows 10
2024-10-12 12:13:04,774 INFO o.a.j.JMeter: os.arch=amd64
2024-10-12 12:13:04,774 INFO o.a.j.JMeter: os.version=10.0
2024-10-12 12:13:04,774 INFO o.a.j.JMeter: file.encoding=UTF-8
2024-10-12 12:13:04,774 INFO o.a.j.JMeter: java.awt.headless=null
2024-10-12 12:13:04,775 INFO o.a.j.JMeter: Max memory     =8589934592
2024-10-12 12:13:04,775 INFO o.a.j.JMeter: Available Processors =4
2024-10-12 12:13:04,800 INFO o.a.j.JMeter: Default Locale=English (EN)
2024-10-12 12:13:04,800 INFO o.a.j.JMeter: JMeter  Locale=English (EN)
2024-10-12 12:13:04,800 INFO o.a.j.JMeter: JMeterHome=C:\Users\Radhika\Downloads\apache-jmeter-5.6.3\apache-jmeter-5.6.3
2024-10-12 12:13:04,800 INFO o.a.j.JMeter: user.dir  =C:\Users\Radhika\Downloads\apache-jmeter-5.6.3\apache-jmeter-5.6.3\bin
2024-10-12 12:13:04,800 INFO o.a.j.JMeter: PWD       =C:\Users\Radhika\Downloads\apache-jmeter-5.6.3\apache-jmeter-5.6.3\bin
2024-10-12 12:13:04,805 INFO o.a.j.JMeter: IP: 192.168.1.6 Name: LAPTOP-8GQD86RQ FullName: LAPTOP-8GQD86RQ
2024-10-12 12:13:04,831 INFO o.a.j.JMeter: Loaded icon properties from org/apache/jmeter/images/icon.properties
2024-10-12 12:13:05,141 INFO o.a.j.JMeterGuiLauncher: Setting LAF to: com.github.weisj.darklaf.DarkLaf:com.github.weisj.darklaf.theme.DarculaTheme
2024-10-12 12:13:07,498 INFO o.a.j.r.ClassFinder: Will scan jar C:\Users\Radhika\Downloads\apache-jmeter-5.6.3\apache-jmeter-5.6.3\lib\ext\jmeter-plugins-manager-0.20.jar with filter ExtendsClassFilter [parents=[interface org.apache.jmeter.gui.action.Command], inner=false, contains=null, notContains=null]. Consider exposing JMeter plugins via META-INF/services, and add JMeter-Skip-Class-Scanning=true manifest attribute so JMeter can skip classfile scanning
2024-10-12 12:13:07,805 INFO o.a.j.r.ClassFinder: Will scan jar C:\Users\Radhika\Downloads\apache-jmeter-5.6.3\apache-jmeter-5.6.3\lib\ext\jmeter-plugins-manager-1.10.jar with filter ExtendsClassFilter [parents=[interface org.apache.jmeter.gui.action.Command], inner=false, contains=null, notContains=null]. Consider exposing JMeter plugins via META-INF/services, and add JMeter-Skip-Class-Scanning=true manifest attribute so JMeter can skip classfile scanning
2024-10-12 12:13:07,838 INFO o.a.j.r.ClassFinder: Will scan jar C:\Users\Radhika\Downloads\apache-jmeter-5.6.3\apache-jmeter-5.6.3\lib\ext\jmeter-plugins-graphs-basic-2.0.jar with filter ExtendsClassFilter [parents=[interface org.apache.jmeter.gui.action.Command], inner=false, contains=null, notContains=null]. Consider exposing JMeter plugins via META-INF/services, and add JMeter-Skip-Class-Scanning=true manifest attribute so JMeter can skip classfile scanning
2024-10-12 12:13:07,855 INFO o.a.j.r.ClassFinder: Will scan jar C:\Users\Radhika\Downloads\apache-jmeter-5.6.3\apache-jmeter-5.6.3\lib\ext\jmeter-plugins-casutg-2.10.jar with filter ExtendsClassFilter [parents=[interface org.apache.jmeter.gui.action.Command], inner=false, contains=null, notContains=null]. Consider exposing JMeter plugins via META-INF/services, and add JMeter-Skip-Class-Scanning=true manifest attribute so JMeter can skip classfile scanning
2024-10-12 12:13:07,891 INFO o.a.j.r.ClassFinder: Will scan jar C:\Users\Radhika\Downloads\apache-jmeter-5.6.3\apache-jmeter-5.6.3\lib\ext\jmeter-plugins-graphs-additional-2.0.jar with filter ExtendsClassFilter [parents=[interface org.apache.jmeter.gui.action.Command], inner=false, contains=null, notContains=null]. Consider exposing JMeter plugins via META-INF/services, and add JMeter-Skip-Class-Scanning=true manifest attribute so JMeter can skip classfile scanning
2024-10-12 12:13:07,901 INFO o.a.j.r.ClassFinder: Will scan jar C:\Users\Radhika\Downloads\apache-jmeter-5.6.3\apache-jmeter-5.6.3\lib\ext\jmeter-plugins-cmn-jmeter-0.6.jar with filter ExtendsClassFilter [parents=[interface org.apache.jmeter.gui.action.Command], inner=false, contains=null, notContains=null]. Consider exposing JMeter plugins via META-INF/services, and add JMeter-Skip-Class-Scanning=true manifest attribute so JMeter can skip classfile scanning
2024-10-12 12:13:08,100 INFO o.a.j.r.ClassFinder: Will scan jar C:\Users\Radhika\Downloads\apache-jmeter-5.6.3\apache-jmeter-5.6.3\lib\ext\jmeter-plugins-manager-0.20.jar with filter ExtendsClassFilter [parents=[interface org.apache.jmeter.gui.plugin.MenuCreator], inner=false, contains=null, notContains=null]. Consider exposing JMeter plugins via META-INF/services, and add JMeter-Skip-Class-Scanning=true manifest attribute so JMeter can skip classfile scanning
2024-10-12 12:13:08,107 INFO o.a.j.r.ClassFinder: Will scan jar C:\Users\Radhika\Downloads\apache-jmeter-5.6.3\apache-jmeter-5.6.3\lib\ext\jmeter-plugins-manager-1.10.jar with filter ExtendsClassFilter [parents=[interface org.apache.jmeter.gui.plugin.MenuCreator], inner=false, contains=null, notContains=null]. Consider exposing JMeter plugins via META-INF/services, and add JMeter-Skip-Class-Scanning=true manifest attribute so JMeter can skip classfile scanning
2024-10-12 12:13:08,113 INFO o.a.j.r.ClassFinder: Will scan jar C:\Users\Radhika\Downloads\apache-jmeter-5.6.3\apache-jmeter-5.6.3\lib\ext\jmeter-plugins-graphs-basic-2.0.jar with filter ExtendsClassFilter [parents=[interface org.apache.jmeter.gui.plugin.MenuCreator], inner=false, contains=null, notContains=null]. Consider exposing JMeter plugins via META-INF/services, and add JMeter-Skip-Class-Scanning=true manifest attribute so JMeter can skip classfile scanning
2024-10-12 12:13:08,116 INFO o.a.j.r.ClassFinder: Will scan jar C:\Users\Radhika\Downloads\apache-jmeter-5.6.3\apache-jmeter-5.6.3\lib\ext\jmeter-plugins-casutg-2.10.jar with filter ExtendsClassFilter [parents=[interface org.apache.jmeter.gui.plugin.MenuCreator], inner=false, contains=null, notContains=null]. Consider exposing JMeter plugins via META-INF/services, and add JMeter-Skip-Class-Scanning=true manifest attribute so JMeter can skip classfile scanning
2024-10-12 12:13:08,119 INFO o.a.j.r.ClassFinder: Will scan jar C:\Users\Radhika\Downloads\apache-jmeter-5.6.3\apache-jmeter-5.6.3\lib\ext\jmeter-plugins-graphs-additional-2.0.jar with filter ExtendsClassFilter [parents=[interface org.apache.jmeter.gui.plugin.MenuCreator], inner=false, contains=null, notContains=null]. Consider exposing JMeter plugins via META-INF/services, and add JMeter-Skip-Class-Scanning=true manifest attribute so JMeter can skip classfile scanning
2024-10-12 12:13:08,121 INFO o.a.j.r.ClassFinder: Will scan jar C:\Users\Radhika\Downloads\apache-jmeter-5.6.3\apache-jmeter-5.6.3\lib\ext\jmeter-plugins-cmn-jmeter-0.6.jar with filter ExtendsClassFilter [parents=[interface org.apache.jmeter.gui.plugin.MenuCreator], inner=false, contains=null, notContains=null]. Consider exposing JMeter plugins via META-INF/services, and add JMeter-Skip-Class-Scanning=true manifest attribute so JMeter can skip classfile scanning
2024-10-12 12:13:08,249 WARN o.j.r.PluginManager: Found JAR conflict: C:\Users\Radhika\Downloads\apache-jmeter-5.6.3\apache-jmeter-5.6.3\lib\ext\jmeter-plugins-manager-1.10.jar and C:\Users\Radhika\Downloads\apache-jmeter-5.6.3\apache-jmeter-5.6.3\lib\ext\jmeter-plugins-manager-0.20.jar
2024-10-12 12:13:12,555 INFO o.j.r.PluginManager: Plugins Status: [jpgc-graphs-basic=2.0, jpgc-graphs-additional=2.0, jpgc-casutg=2.10, jpgc-plugins-manager=0.20, jmeter-core=5.6.3, jmeter-ftp=5.6.3, jmeter-http=5.6.3, jmeter-jdbc=5.6.3, jmeter-jms=5.6.3, jmeter-junit=5.6.3, jmeter-java=5.6.3, jmeter-ldap=5.6.3, jmeter-mail=5.6.3, jmeter-mongodb=5.6.3, jmeter-native=5.6.3, jmeter-tcp=5.6.3, jmeter-components=5.6.3]
2024-10-12 12:13:12,555 INFO o.j.r.PluginManagerMenuItem: Plugins Manager has upgrades: [jpgc-plugins-manager]
2024-10-12 12:33:03,261 INFO o.a.j.s.FileServer: Default base='C:\Users\Radhika\Downloads\apache-jmeter-5.6.3\apache-jmeter-5.6.3\bin'
2024-10-12 12:33:03,267 INFO o.a.j.g.a.Load: Loading file: C:\Users\Radhika\Downloads\apache-jmeter-5.6.3\apache-jmeter-5.6.3\bin\templates\Checkout.jmx
2024-10-12 12:33:03,267 INFO o.a.j.s.FileServer: Set new base='C:\Users\Radhika\Downloads\apache-jmeter-5.6.3\apache-jmeter-5.6.3\bin\templates'
2024-10-12 12:33:03,879 INFO o.a.j.s.SaveService: Testplan (JMX) version: 2.2. Testlog (JTL) version: 2.2
2024-10-12 12:33:03,893 INFO o.a.j.s.SaveService: Using SaveService properties version 5.0
2024-10-12 12:33:03,894 INFO o.a.j.s.SaveService: Using SaveService properties file encoding UTF-8
2024-10-12 12:33:03,905 INFO o.a.j.s.SaveService: Loading file: C:\Users\Radhika\Downloads\apache-jmeter-5.6.3\apache-jmeter-5.6.3\bin\templates\Checkout.jmx
2024-10-12 12:33:04,137 INFO o.a.j.p.h.c.CookieManager: Settings: Delete null: true Check: true Allow variable: true Save: false Prefix: COOKIE_
2024-10-12 12:33:04,140 INFO o.a.j.p.h.c.CacheManager: Will only cache the following methods: [GET]
2024-10-12 12:33:04,153 INFO o.a.j.p.h.s.HTTPSamplerBase: Parser for text/html is org.apache.jmeter.protocol.http.parser.LagartoBasedHtmlParser
2024-10-12 12:33:04,153 INFO o.a.j.p.h.s.HTTPSamplerBase: Parser for application/xhtml+xml is org.apache.jmeter.protocol.http.parser.LagartoBasedHtmlParser
2024-10-12 12:33:04,154 INFO o.a.j.p.h.s.HTTPSamplerBase: Parser for application/xml is org.apache.jmeter.protocol.http.parser.LagartoBasedHtmlParser
2024-10-12 12:33:04,154 INFO o.a.j.p.h.s.HTTPSamplerBase: Parser for text/xml is org.apache.jmeter.protocol.http.parser.LagartoBasedHtmlParser
2024-10-12 12:33:04,154 INFO o.a.j.p.h.s.HTTPSamplerBase: Parser for text/vnd.wap.wml is org.apache.jmeter.protocol.http.parser.RegexpHTMLParser
2024-10-12 12:33:04,155 INFO o.a.j.p.h.s.HTTPSamplerBase: Parser for text/css is org.apache.jmeter.protocol.http.parser.CssParser
2024-10-12 12:33:04,997 INFO o.a.j.s.SampleResult: Note: Sample TimeStamps are START times
2024-10-12 12:33:04,998 INFO o.a.j.s.SampleResult: sampleresult.default.encoding is set to UTF-8
2024-10-12 12:33:04,998 INFO o.a.j.s.SampleResult: sampleresult.useNanoTime=true
2024-10-12 12:33:04,998 INFO o.a.j.s.SampleResult: sampleresult.nanoThreadSleep=5000
2024-10-12 12:33:05,270 INFO o.a.j.r.ClassFinder: Will scan jar C:\Users\Radhika\Downloads\apache-jmeter-5.6.3\apache-jmeter-5.6.3\lib\ext\jmeter-plugins-manager-0.20.jar with filter ExtendsClassFilter [parents=[interface org.apache.jmeter.visualizers.ResultRenderer], inner=false, contains=null, notContains=null]. Consider exposing JMeter plugins via META-INF/services, and add JMeter-Skip-Class-Scanning=true manifest attribute so JMeter can skip classfile scanning
2024-10-12 12:33:05,276 INFO o.a.j.r.ClassFinder: Will scan jar C:\Users\Radhika\Downloads\apache-jmeter-5.6.3\apache-jmeter-5.6.3\lib\ext\jmeter-plugins-manager-1.10.jar with filter ExtendsClassFilter [parents=[interface org.apache.jmeter.visualizers.ResultRenderer], inner=false, contains=null, notContains=null]. Consider exposing JMeter plugins via META-INF/services, and add JMeter-Skip-Class-Scanning=true manifest attribute so JMeter can skip classfile scanning
2024-10-12 12:33:05,282 INFO o.a.j.r.ClassFinder: Will scan jar C:\Users\Radhika\Downloads\apache-jmeter-5.6.3\apache-jmeter-5.6.3\lib\ext\jmeter-plugins-graphs-basic-2.0.jar with filter ExtendsClassFilter [parents=[interface org.apache.jmeter.visualizers.ResultRenderer], inner=false, contains=null, notContains=null]. Consider exposing JMeter plugins via META-INF/services, and add JMeter-Skip-Class-Scanning=true manifest attribute so JMeter can skip classfile scanning
2024-10-12 12:33:05,282 INFO o.a.j.r.ClassFinder: Will scan jar C:\Users\Radhika\Downloads\apache-jmeter-5.6.3\apache-jmeter-5.6.3\lib\ext\jmeter-plugins-casutg-2.10.jar with filter ExtendsClassFilter [parents=[interface org.apache.jmeter.visualizers.ResultRenderer], inner=false, contains=null, notContains=null]. Consider exposing JMeter plugins via META-INF/services, and add JMeter-Skip-Class-Scanning=true manifest attribute so JMeter can skip classfile scanning
2024-10-12 12:33:05,282 INFO o.a.j.r.ClassFinder: Will scan jar C:\Users\Radhika\Downloads\apache-jmeter-5.6.3\apache-jmeter-5.6.3\lib\ext\jmeter-plugins-graphs-additional-2.0.jar with filter ExtendsClassFilter [parents=[interface org.apache.jmeter.visualizers.ResultRenderer], inner=false, contains=null, notContains=null]. Consider exposing JMeter plugins via META-INF/services, and add JMeter-Skip-Class-Scanning=true manifest attribute so JMeter can skip classfile scanning
2024-10-12 12:33:05,291 INFO o.a.j.r.ClassFinder: Will scan jar C:\Users\Radhika\Downloads\apache-jmeter-5.6.3\apache-jmeter-5.6.3\lib\ext\jmeter-plugins-cmn-jmeter-0.6.jar with filter ExtendsClassFilter [parents=[interface org.apache.jmeter.visualizers.ResultRenderer], inner=false, contains=null, notContains=null]. Consider exposing JMeter plugins via META-INF/services, and add JMeter-Skip-Class-Scanning=true manifest attribute so JMeter can skip classfile scanning
2024-10-12 12:33:05,332 INFO o.a.j.r.ClassFinder: Will scan jar C:\Users\Radhika\Downloads\apache-jmeter-5.6.3\apache-jmeter-5.6.3\lib\ext\jmeter-plugins-manager-0.20.jar with filter ExtendsClassFilter [parents=[interface org.apache.jmeter.visualizers.RequestView], inner=false, contains=null, notContains=null]. Consider exposing JMeter plugins via META-INF/services, and add JMeter-Skip-Class-Scanning=true manifest attribute so JMeter can skip classfile scanning
2024-10-12 12:33:05,335 INFO o.a.j.r.ClassFinder: Will scan jar C:\Users\Radhika\Downloads\apache-jmeter-5.6.3\apache-jmeter-5.6.3\lib\ext\jmeter-plugins-manager-1.10.jar with filter ExtendsClassFilter [parents=[interface org.apache.jmeter.visualizers.RequestView], inner=false, contains=null, notContains=null]. Consider exposing JMeter plugins via META-INF/services, and add JMeter-Skip-Class-Scanning=true manifest attribute so JMeter can skip classfile scanning
2024-10-12 12:33:05,342 INFO o.a.j.r.ClassFinder: Will scan jar C:\Users\Radhika\Downloads\apache-jmeter-5.6.3\apache-jmeter-5.6.3\lib\ext\jmeter-plugins-graphs-basic-2.0.jar with filter ExtendsClassFilter [parents=[interface org.apache.jmeter.visualizers.RequestView], inner=false, contains=null, notContains=null]. Consider exposing JMeter plugins via META-INF/services, and add JMeter-Skip-Class-Scanning=true manifest attribute so JMeter can skip classfile scanning
2024-10-12 12:33:05,343 INFO o.a.j.r.ClassFinder: Will scan jar C:\Users\Radhika\Downloads\apache-jmeter-5.6.3\apache-jmeter-5.6.3\lib\ext\jmeter-plugins-casutg-2.10.jar with filter ExtendsClassFilter [parents=[interface org.apache.jmeter.visualizers.RequestView], inner=false, contains=null, notContains=null]. Consider exposing JMeter plugins via META-INF/services, and add JMeter-Skip-Class-Scanning=true manifest attribute so JMeter can skip classfile scanning
2024-10-12 12:33:05,346 INFO o.a.j.r.ClassFinder: Will scan jar C:\Users\Radhika\Downloads\apache-jmeter-5.6.3\apache-jmeter-5.6.3\lib\ext\jmeter-plugins-graphs-additional-2.0.jar with filter ExtendsClassFilter [parents=[interface org.apache.jmeter.visualizers.RequestView], inner=false, contains=null, notContains=null]. Consider exposing JMeter plugins via META-INF/services, and add JMeter-Skip-Class-Scanning=true manifest attribute so JMeter can skip classfile scanning
2024-10-12 12:33:05,350 INFO o.a.j.r.ClassFinder: Will scan jar C:\Users\Radhika\Downloads\apache-jmeter-5.6.3\apache-jmeter-5.6.3\lib\ext\jmeter-plugins-cmn-jmeter-0.6.jar with filter ExtendsClassFilter [parents=[interface org.apache.jmeter.visualizers.RequestView], inner=false, contains=null, notContains=null]. Consider exposing JMeter plugins via META-INF/services, and add JMeter-Skip-Class-Scanning=true manifest attribute so JMeter can skip classfile scanning
2024-10-12 12:33:05,505 INFO o.a.j.e.u.CompoundVariable: Note: Function class names must contain the string: '.functions.'
2024-10-12 12:33:05,505 INFO o.a.j.e.u.CompoundVariable: Note: Function class names must not contain the string: '.gui.'
2024-10-12 12:33:05,605 INFO o.a.j.r.ClassFinder: Will scan jar C:\Users\Radhika\Downloads\apache-jmeter-5.6.3\apache-jmeter-5.6.3\lib\ext\jmeter-plugins-manager-0.20.jar with filter ExtendsClassFilter [parents=[interface org.apache.jmeter.functions.Function], inner=false, contains=null, notContains=null]. Consider exposing JMeter plugins via META-INF/services, and add JMeter-Skip-Class-Scanning=true manifest attribute so JMeter can skip classfile scanning
2024-10-12 12:33:05,617 INFO o.a.j.r.ClassFinder: Will scan jar C:\Users\Radhika\Downloads\apache-jmeter-5.6.3\apache-jmeter-5.6.3\lib\ext\jmeter-plugins-manager-1.10.jar with filter ExtendsClassFilter [parents=[interface org.apache.jmeter.functions.Function], inner=false, contains=null, notContains=null]. Consider exposing JMeter plugins via META-INF/services, and add JMeter-Skip-Class-Scanning=true manifest attribute so JMeter can skip classfile scanning
2024-10-12 12:33:05,621 INFO o.a.j.r.ClassFinder: Will scan jar C:\Users\Radhika\Downloads\apache-jmeter-5.6.3\apache-jmeter-5.6.3\lib\ext\jmeter-plugins-graphs-basic-2.0.jar with filter ExtendsClassFilter [parents=[interface org.apache.jmeter.functions.Function], inner=false, contains=null, notContains=null]. Consider exposing JMeter plugins via META-INF/services, and add JMeter-Skip-Class-Scanning=true manifest attribute so JMeter can skip classfile scanning
2024-10-12 12:33:05,624 INFO o.a.j.r.ClassFinder: Will scan jar C:\Users\Radhika\Downloads\apache-jmeter-5.6.3\apache-jmeter-5.6.3\lib\ext\jmeter-plugins-casutg-2.10.jar with filter ExtendsClassFilter [parents=[interface org.apache.jmeter.functions.Function], inner=false, contains=null, notContains=null]. Consider exposing JMeter plugins via META-INF/services, and add JMeter-Skip-Class-Scanning=true manifest attribute so JMeter can skip classfile scanning
2024-10-12 12:33:05,624 INFO o.a.j.r.ClassFinder: Will scan jar C:\Users\Radhika\Downloads\apache-jmeter-5.6.3\apache-jmeter-5.6.3\lib\ext\jmeter-plugins-graphs-additional-2.0.jar with filter ExtendsClassFilter [parents=[interface org.apache.jmeter.functions.Function], inner=false, contains=null, notContains=null]. Consider exposing JMeter plugins via META-INF/services, and add JMeter-Skip-Class-Scanning=true manifest attribute so JMeter can skip classfile scanning
2024-10-12 12:33:05,628 INFO o.a.j.r.ClassFinder: Will scan jar C:\Users\Radhika\Downloads\apache-jmeter-5.6.3\apache-jmeter-5.6.3\lib\ext\jmeter-plugins-cmn-jmeter-0.6.jar with filter ExtendsClassFilter [parents=[interface org.apache.jmeter.functions.Function], inner=false, contains=null, notContains=null]. Consider exposing JMeter plugins via META-INF/services, and add JMeter-Skip-Class-Scanning=true manifest attribute so JMeter can skip classfile scanning
2024-10-12 12:33:05,853 INFO o.a.j.s.FileServer: Set new base='C:\Users\Radhika\Downloads\apache-jmeter-5.6.3\apache-jmeter-5.6.3\bin\templates'
